<?xml version="1.0" encoding="UTF-8"?>
<testsuite name="com.mercadolibre.mutant.MutantApplicationTests" tests="1" skipped="0" failures="0" errors="0" timestamp="2024-10-13T14:15:26" hostname="MATHEY" time="0.123">
  <properties/>
  <testcase name="contextLoads()" classname="com.mercadolibre.mutant.MutantApplicationTests" time="0.123"/>
  <system-out><![CDATA[11:15:22.819 [Test worker] INFO org.springframework.test.context.support.AnnotationConfigContextLoaderUtils -- Could not detect default configuration classes for test class [com.mercadolibre.mutant.MutantApplicationTests]: MutantApplicationTests does not declare any static, non-private, non-final, nested classes annotated with @Configuration.
11:15:22.900 [Test worker] INFO org.springframework.boot.test.context.SpringBootTestContextBootstrapper -- Found @SpringBootConfiguration com.mercadolibre.mutant.MutantApplication for test class com.mercadolibre.mutant.MutantApplicationTests

  .   ____          _            __ _ _
 /\\ / ___'_ __ _ _(_)_ __  __ _ \ \ \ \
( ( )\___ | '_ | '_| | '_ \/ _` | \ \ \ \
 \\/  ___)| |_)| | | | | || (_| |  ) ) ) )
  '  |____| .__|_| |_|_| |_\__, | / / / /
 =========|_|==============|___/=/_/_/_/

 :: Spring Boot ::                (v3.3.4)

2024-10-13T11:15:23.174-03:00  INFO 11132 --- [    Test worker] c.m.mutant.MutantApplicationTests        : Starting MutantApplicationTests using Java 17.0.12 with PID 11132 (started by mathe in D:\YO\DOCUMENTOS\UTN\TERCER AÃ‘O\SEGUNDO SEMESTRE\DESARROLLO DE SOFTWARE\PARCIAL 1\mutant)
2024-10-13T11:15:23.175-03:00  INFO 11132 --- [    Test worker] c.m.mutant.MutantApplicationTests        : No active profile set, falling back to 1 default profile: "default"
2024-10-13T11:15:23.658-03:00  INFO 11132 --- [    Test worker] .s.d.r.c.RepositoryConfigurationDelegate : Bootstrapping Spring Data JPA repositories in DEFAULT mode.
2024-10-13T11:15:23.707-03:00  INFO 11132 --- [    Test worker] .s.d.r.c.RepositoryConfigurationDelegate : Finished Spring Data repository scanning in 44 ms. Found 1 JPA repository interface.
2024-10-13T11:15:24.113-03:00  INFO 11132 --- [    Test worker] o.hibernate.jpa.internal.util.LogHelper  : HHH000204: Processing PersistenceUnitInfo [name: default]
2024-10-13T11:15:24.167-03:00  INFO 11132 --- [    Test worker] org.hibernate.Version                    : HHH000412: Hibernate ORM core version 6.5.3.Final
2024-10-13T11:15:24.199-03:00  INFO 11132 --- [    Test worker] o.h.c.internal.RegionFactoryInitiator    : HHH000026: Second-level cache disabled
2024-10-13T11:15:24.442-03:00  INFO 11132 --- [    Test worker] o.s.o.j.p.SpringPersistenceUnitInfo      : No LoadTimeWeaver setup: ignoring JPA class transformer
2024-10-13T11:15:24.460-03:00  INFO 11132 --- [    Test worker] com.zaxxer.hikari.HikariDataSource       : HikariPool-1 - Starting...
2024-10-13T11:15:24.582-03:00  INFO 11132 --- [    Test worker] com.zaxxer.hikari.pool.HikariPool        : HikariPool-1 - Added connection org.postgresql.jdbc.PgConnection@1029cf9
2024-10-13T11:15:24.584-03:00  INFO 11132 --- [    Test worker] com.zaxxer.hikari.HikariDataSource       : HikariPool-1 - Start completed.
2024-10-13T11:15:24.609-03:00  WARN 11132 --- [    Test worker] org.hibernate.orm.deprecation            : HHH90000025: PostgreSQLDialect does not need to be specified explicitly using 'hibernate.dialect' (remove the property setting and it will be selected by default)
2024-10-13T11:15:25.221-03:00  INFO 11132 --- [    Test worker] o.h.e.t.j.p.i.JtaPlatformInitiator       : HHH000489: No JTA platform available (set 'hibernate.transaction.jta.platform' to enable JTA platform integration)
2024-10-13T11:15:25.253-03:00  INFO 11132 --- [    Test worker] j.LocalContainerEntityManagerFactoryBean : Initialized JPA EntityManagerFactory for persistence unit 'default'
2024-10-13T11:15:25.500-03:00  INFO 11132 --- [    Test worker] o.s.d.j.r.query.QueryEnhancerFactory     : Hibernate is in classpath; If applicable, HQL parser will be used.
2024-10-13T11:15:25.850-03:00  WARN 11132 --- [    Test worker] JpaBaseConfiguration$JpaWebConfiguration : spring.jpa.open-in-view is enabled by default. Therefore, database queries may be performed during view rendering. Explicitly configure spring.jpa.open-in-view to disable this warning
2024-10-13T11:15:26.378-03:00  INFO 11132 --- [    Test worker] c.m.mutant.MutantApplicationTests        : Started MutantApplicationTests in 3.362 seconds (process running for 4.187)
]]></system-out>
  <system-err><![CDATA[]]></system-err>
</testsuite>
