<?xml version="1.0" encoding="UTF-8"?>
<testsuite name="com.mercadolibre.mutant.service.MutantServiceTest" tests="15" skipped="0" failures="0" errors="0" timestamp="2024-10-13T14:15:26" hostname="MATHEY" time="0.13">
  <properties/>
  <testcase name="testNonSquareDna()" classname="com.mercadolibre.mutant.service.MutantServiceTest" time="0.088"/>
  <testcase name="testIsMutant()" classname="com.mercadolibre.mutant.service.MutantServiceTest" time="0.016"/>
  <testcase name="testMutant1()" classname="com.mercadolibre.mutant.service.MutantServiceTest" time="0.002"/>
  <testcase name="testMutant2()" classname="com.mercadolibre.mutant.service.MutantServiceTest" time="0.002"/>
  <testcase name="testMutant3()" classname="com.mercadolibre.mutant.service.MutantServiceTest" time="0.002"/>
  <testcase name="testMutant4()" classname="com.mercadolibre.mutant.service.MutantServiceTest" time="0.001"/>
  <testcase name="testMutant5()" classname="com.mercadolibre.mutant.service.MutantServiceTest" time="0.002"/>
  <testcase name="testIsNotMutant()" classname="com.mercadolibre.mutant.service.MutantServiceTest" time="0.002"/>
  <testcase name="testInvalidDna()" classname="com.mercadolibre.mutant.service.MutantServiceTest" time="0.001"/>
  <testcase name="testNonMutant1()" classname="com.mercadolibre.mutant.service.MutantServiceTest" time="0.001"/>
  <testcase name="testNonMutant2()" classname="com.mercadolibre.mutant.service.MutantServiceTest" time="0.001"/>
  <testcase name="testNonMutant3()" classname="com.mercadolibre.mutant.service.MutantServiceTest" time="0.002"/>
  <testcase name="testNonMutant4()" classname="com.mercadolibre.mutant.service.MutantServiceTest" time="0.002"/>
  <testcase name="testNonMutant5()" classname="com.mercadolibre.mutant.service.MutantServiceTest" time="0.002"/>
  <testcase name="testEmptyDna()" classname="com.mercadolibre.mutant.service.MutantServiceTest" time="0.002"/>
  <system-out><![CDATA[Ejecutando setUpBeforeAll - Inicialización global
Ejecutando setUpBeforeEach - Preparando la prueba
Ejecutando tearDownAfterEach - Limpiando después de la prueba
Ejecutando setUpBeforeEach - Preparando la prueba
Tiempo Optimizado: 10700 ns
Ejecutando tearDownAfterEach - Limpiando después de la prueba
Ejecutando setUpBeforeEach - Preparando la prueba
Tiempo Optimizado: 4000 ns
Ejecutando tearDownAfterEach - Limpiando después de la prueba
Ejecutando setUpBeforeEach - Preparando la prueba
Tiempo Optimizado: 7000 ns
Ejecutando tearDownAfterEach - Limpiando después de la prueba
Ejecutando setUpBeforeEach - Preparando la prueba
Tiempo Optimizado: 6200 ns
Ejecutando tearDownAfterEach - Limpiando después de la prueba
Ejecutando setUpBeforeEach - Preparando la prueba
Tiempo Optimizado: 4100 ns
Ejecutando tearDownAfterEach - Limpiando después de la prueba
Ejecutando setUpBeforeEach - Preparando la prueba
Tiempo Optimizado: 2600 ns
Ejecutando tearDownAfterEach - Limpiando después de la prueba
Ejecutando setUpBeforeEach - Preparando la prueba
Tiempo Optimizado: 10000 ns
Ejecutando tearDownAfterEach - Limpiando después de la prueba
Ejecutando setUpBeforeEach - Preparando la prueba
Ejecutando tearDownAfterEach - Limpiando después de la prueba
Ejecutando setUpBeforeEach - Preparando la prueba
Tiempo Optimizado: 8900 ns
Ejecutando tearDownAfterEach - Limpiando después de la prueba
Ejecutando setUpBeforeEach - Preparando la prueba
Tiempo Optimizado: 9100 ns
Ejecutando tearDownAfterEach - Limpiando después de la prueba
Ejecutando setUpBeforeEach - Preparando la prueba
Tiempo Optimizado: 7500 ns
Ejecutando tearDownAfterEach - Limpiando después de la prueba
Ejecutando setUpBeforeEach - Preparando la prueba
Tiempo Optimizado: 6900 ns
Ejecutando tearDownAfterEach - Limpiando después de la prueba
Ejecutando setUpBeforeEach - Preparando la prueba
Tiempo Optimizado: 9300 ns
Ejecutando tearDownAfterEach - Limpiando después de la prueba
Ejecutando setUpBeforeEach - Preparando la prueba
Ejecutando tearDownAfterEach - Limpiando después de la prueba
Ejecutando tearDownAfterAll - Finalización global
]]></system-out>
  <system-err><![CDATA[]]></system-err>
</testsuite>
